
file:///home/bren/devel/nodejs-polars/polars/index.mts | none | /home/bren/devel/nodejs-polars/polars/index.mts
nodejs-polars/datatype | file:///home/bren/devel/nodejs-polars/polars/index.mts | /home/bren/devel/nodejs-polars/polars/nodejs-polars/datatype
./PLRDataType.mjs | file:///home/bren/devel/nodejs-polars/polars/datatype/index.mts | /home/bren/devel/nodejs-polars/polars/datatype/PLRDataType.mjs
nodejs-polars/datatype/types | file:///home/bren/devel/nodejs-polars/polars/datatype/PLRDataType.mts | /home/bren/devel/nodejs-polars/polars/datatype/nodejs-polars/datatype/types
./Bool.mjs | file:///home/bren/devel/nodejs-polars/polars/datatype/types/index.mts | /home/bren/devel/nodejs-polars/polars/datatype/types/Bool.mjs
nodejs-polars/datatype | file:///home/bren/devel/nodejs-polars/polars/datatype/types/Bool.mts | /home/bren/devel/nodejs-polars/polars/datatype/types/nodejs-polars/datatype
file:///home/bren/devel/nodejs-polars/polars/index.mts | none | /home/bren/devel/nodejs-polars/polars/index.mts
nodejs-polars/datatype | file:///home/bren/devel/nodejs-polars/polars/index.mts | /home/bren/devel/nodejs-polars/polars/nodejs-polars/datatype
./PLRDataType.mjs | file:///home/bren/devel/nodejs-polars/polars/datatype/index.mts | /home/bren/devel/nodejs-polars/polars/datatype/PLRDataType.mjs
nodejs-polars/datatype/types | file:///home/bren/devel/nodejs-polars/polars/datatype/PLRDataType.mts | /home/bren/devel/nodejs-polars/polars/datatype/nodejs-polars/datatype/types
./Bool.mjs | file:///home/bren/devel/nodejs-polars/polars/datatype/types/index.mts | /home/bren/devel/nodejs-polars/polars/datatype/types/Bool.mjs
nodejs-polars/datatype | file:///home/bren/devel/nodejs-polars/polars/datatype/types/Bool.mts | /home/bren/devel/nodejs-polars/polars/datatype/types/nodejs-polars/datatype
file:///home/bren/devel/nodejs-polars/polars/index.mts | none | /home/bren/devel/nodejs-polars/polars/index.mts
nodejs-polars/datatype | file:///home/bren/devel/nodejs-polars/polars/index.mts | /home/bren/devel/nodejs-polars/polars/nodejs-polars/datatype
./PLRDataType.mjs | file:///home/bren/devel/nodejs-polars/polars/datatype/index.mts | /home/bren/devel/nodejs-polars/polars/datatype/PLRDataType.mjs
nodejs-polars/datatype/types | file:///home/bren/devel/nodejs-polars/polars/datatype/PLRDataType.mts | /home/bren/devel/nodejs-polars/polars/datatype/nodejs-polars/datatype/types
./Bool.mjs | file:///home/bren/devel/nodejs-polars/polars/datatype/types/index.mts | /home/bren/devel/nodejs-polars/polars/datatype/types/Bool.mjs
nodejs-polars/datatype | file:///home/bren/devel/nodejs-polars/polars/datatype/types/Bool.mts | /home/bren/devel/nodejs-polars/polars/datatype/types/nodejs-polars/datatype
file:///home/bren/devel/nodejs-polars/polars/datatype/index.mts | none | /home/bren/devel/nodejs-polars/polars/datatype/index.mts
./PLRDataType.mjs | file:///home/bren/devel/nodejs-polars/polars/datatype/index.mts | /home/bren/devel/nodejs-polars/polars/datatype/PLRDataType.mjs
nodejs-polars/datatype/types | file:///home/bren/devel/nodejs-polars/polars/datatype/PLRDataType.mts | /home/bren/devel/nodejs-polars/polars/datatype/nodejs-polars/datatype/types
./Bool.mjs | file:///home/bren/devel/nodejs-polars/polars/datatype/types/index.mts | /home/bren/devel/nodejs-polars/polars/datatype/types/Bool.mjs
nodejs-polars/datatype | file:///home/bren/devel/nodejs-polars/polars/datatype/types/Bool.mts | /home/bren/devel/nodejs-polars/polars/datatype/types/nodejs-polars/datatype
./PLRDataType.mjs | file:///home/bren/devel/nodejs-polars/polars/datatype/index.mts | /home/bren/devel/nodejs-polars/polars/datatype/PLRDataType.mjs
file:///home/bren/devel/nodejs-polars/polars/datatype/types/index.mts | none | /home/bren/devel/nodejs-polars/polars/datatype/types/index.mts
./Bool.mjs | file:///home/bren/devel/nodejs-polars/polars/datatype/types/index.mts | /home/bren/devel/nodejs-polars/polars/datatype/types/Bool.mjs
nodejs-polars/datatype | file:///home/bren/devel/nodejs-polars/polars/datatype/types/Bool.mts | /home/bren/devel/nodejs-polars/polars/datatype/types/nodejs-polars/datatype
./PLRDataType.mjs | file:///home/bren/devel/nodejs-polars/polars/datatype/index.mts | /home/bren/devel/nodejs-polars/polars/datatype/PLRDataType.mjs
nodejs-polars/datatype/types | file:///home/bren/devel/nodejs-polars/polars/datatype/PLRDataType.mts | /home/bren/devel/nodejs-polars/polars/datatype/nodejs-polars/datatype/types
./Bool.mjs | file:///home/bren/devel/nodejs-polars/polars/datatype/types/index.mts | /home/bren/devel/nodejs-polars/polars/datatype/types/Bool.mjs
file:///home/bren/devel/nodejs-polars/polars/datatype/types/Bool.mts | none | /home/bren/devel/nodejs-polars/polars/datatype/types/Bool.mts
nodejs-polars/datatype | file:///home/bren/devel/nodejs-polars/polars/datatype/types/Bool.mts | /home/bren/devel/nodejs-polars/polars/datatype/types/nodejs-polars/datatype
./PLRDataType.mjs | file:///home/bren/devel/nodejs-polars/polars/datatype/index.mts | /home/bren/devel/nodejs-polars/polars/datatype/PLRDataType.mjs
nodejs-polars/datatype/types | file:///home/bren/devel/nodejs-polars/polars/datatype/PLRDataType.mts | /home/bren/devel/nodejs-polars/polars/datatype/nodejs-polars/datatype/types
./Bool.mjs | file:///home/bren/devel/nodejs-polars/polars/datatype/types/index.mts | /home/bren/devel/nodejs-polars/polars/datatype/types/Bool.mjs
file:///home/bren/devel/nodejs-polars/polars/datatype/PLRDataType.mts | none | /home/bren/devel/nodejs-polars/polars/datatype/PLRDataType.mts
nodejs-polars/datatype/types | file:///home/bren/devel/nodejs-polars/polars/datatype/PLRDataType.mts | /home/bren/devel/nodejs-polars/polars/datatype/nodejs-polars/datatype/types
./Bool.mjs | file:///home/bren/devel/nodejs-polars/polars/datatype/types/index.mts | /home/bren/devel/nodejs-polars/polars/datatype/types/Bool.mjs
nodejs-polars/datatype | file:///home/bren/devel/nodejs-polars/polars/datatype/types/Bool.mts | /home/bren/devel/nodejs-polars/polars/datatype/types/nodejs-polars/datatype
./PLRDataType.mjs | file:///home/bren/devel/nodejs-polars/polars/datatype/index.mts | /home/bren/devel/nodejs-polars/polars/datatype/PLRDataType.mjs
file:///home/bren/devel/nodejs-polars/polars/index.mts | none | /home/bren/devel/nodejs-polars/polars/index.mts
nodejs-polars/datatype | file:///home/bren/devel/nodejs-polars/polars/index.mts | /home/bren/devel/nodejs-polars/polars/nodejs-polars/datatype
./PLRDataType.mjs | file:///home/bren/devel/nodejs-polars/polars/datatype/index.mts | /home/bren/devel/nodejs-polars/polars/datatype/PLRDataType.mjs
nodejs-polars/datatype/types | file:///home/bren/devel/nodejs-polars/polars/datatype/PLRDataType.mts | /home/bren/devel/nodejs-polars/polars/datatype/nodejs-polars/datatype/types
./Bool.mjs | file:///home/bren/devel/nodejs-polars/polars/datatype/types/index.mts | /home/bren/devel/nodejs-polars/polars/datatype/types/Bool.mjs
nodejs-polars/datatype | file:///home/bren/devel/nodejs-polars/polars/datatype/types/Bool.mts | /home/bren/devel/nodejs-polars/polars/datatype/types/nodejs-polars/datatype
file:///home/bren/devel/nodejs-polars/polars/datatype/index.mts | none | /home/bren/devel/nodejs-polars/polars/datatype/index.mts
./PLRDataType.mjs | file:///home/bren/devel/nodejs-polars/polars/datatype/index.mts | /home/bren/devel/nodejs-polars/polars/datatype/PLRDataType.mjs
nodejs-polars/datatype/types | file:///home/bren/devel/nodejs-polars/polars/datatype/PLRDataType.mts | /home/bren/devel/nodejs-polars/polars/datatype/nodejs-polars/datatype/types
./Bool.mjs | file:///home/bren/devel/nodejs-polars/polars/datatype/types/index.mts | /home/bren/devel/nodejs-polars/polars/datatype/types/Bool.mjs
nodejs-polars/datatype | file:///home/bren/devel/nodejs-polars/polars/datatype/types/Bool.mts | /home/bren/devel/nodejs-polars/polars/datatype/types/nodejs-polars/datatype
./PLRDataType.mjs | file:///home/bren/devel/nodejs-polars/polars/datatype/index.mts | /home/bren/devel/nodejs-polars/polars/datatype/PLRDataType.mjs
file:///home/bren/devel/nodejs-polars/polars/datatype/types/index.mts | none | /home/bren/devel/nodejs-polars/polars/datatype/types/index.mts
./Bool.mjs | file:///home/bren/devel/nodejs-polars/polars/datatype/types/index.mts | /home/bren/devel/nodejs-polars/polars/datatype/types/Bool.mjs
nodejs-polars/datatype | file:///home/bren/devel/nodejs-polars/polars/datatype/types/Bool.mts | /home/bren/devel/nodejs-polars/polars/datatype/types/nodejs-polars/datatype
./PLRDataType.mjs | file:///home/bren/devel/nodejs-polars/polars/datatype/index.mts | /home/bren/devel/nodejs-polars/polars/datatype/PLRDataType.mjs
nodejs-polars/datatype/types | file:///home/bren/devel/nodejs-polars/polars/datatype/PLRDataType.mts | /home/bren/devel/nodejs-polars/polars/datatype/nodejs-polars/datatype/types
./Bool.mjs | file:///home/bren/devel/nodejs-polars/polars/datatype/types/index.mts | /home/bren/devel/nodejs-polars/polars/datatype/types/Bool.mjs
file:///home/bren/devel/nodejs-polars/polars/datatype/types/Bool.mts | none | /home/bren/devel/nodejs-polars/polars/datatype/types/Bool.mts
nodejs-polars/datatype | file:///home/bren/devel/nodejs-polars/polars/datatype/types/Bool.mts | /home/bren/devel/nodejs-polars/polars/datatype/types/nodejs-polars/datatype
./PLRDataType.mjs | file:///home/bren/devel/nodejs-polars/polars/datatype/index.mts | /home/bren/devel/nodejs-polars/polars/datatype/PLRDataType.mjs
nodejs-polars/datatype/types | file:///home/bren/devel/nodejs-polars/polars/datatype/PLRDataType.mts | /home/bren/devel/nodejs-polars/polars/datatype/nodejs-polars/datatype/types
./Bool.mjs | file:///home/bren/devel/nodejs-polars/polars/datatype/types/index.mts | /home/bren/devel/nodejs-polars/polars/datatype/types/Bool.mjs
file:///home/bren/devel/nodejs-polars/polars/datatype/PLRDataType.mts | none | /home/bren/devel/nodejs-polars/polars/datatype/PLRDataType.mts
nodejs-polars/datatype/types | file:///home/bren/devel/nodejs-polars/polars/datatype/PLRDataType.mts | /home/bren/devel/nodejs-polars/polars/datatype/nodejs-polars/datatype/types
./Bool.mjs | file:///home/bren/devel/nodejs-polars/polars/datatype/types/index.mts | /home/bren/devel/nodejs-polars/polars/datatype/types/Bool.mjs
nodejs-polars/datatype | file:///home/bren/devel/nodejs-polars/polars/datatype/types/Bool.mts | /home/bren/devel/nodejs-polars/polars/datatype/types/nodejs-polars/datatype
./PLRDataType.mjs | file:///home/bren/devel/nodejs-polars/polars/datatype/index.mts | /home/bren/devel/nodejs-polars/polars/datatype/PLRDataType.mjs
file:///home/bren/devel/nodejs-polars/polars/index.mts | none | /home/bren/devel/nodejs-polars/polars/index.mts
nodejs-polars/datatype | file:///home/bren/devel/nodejs-polars/polars/index.mts | /home/bren/devel/nodejs-polars/polars/nodejs-polars/datatype
./PLRDataType.mjs | file:///home/bren/devel/nodejs-polars/polars/datatype/index.mts | /home/bren/devel/nodejs-polars/polars/datatype/PLRDataType.mjs
nodejs-polars/datatype/types | file:///home/bren/devel/nodejs-polars/polars/datatype/PLRDataType.mts | /home/bren/devel/nodejs-polars/polars/datatype/nodejs-polars/datatype/types
./Bool.mjs | file:///home/bren/devel/nodejs-polars/polars/datatype/types/index.mts | /home/bren/devel/nodejs-polars/polars/datatype/types/Bool.mjs
nodejs-polars/datatype | file:///home/bren/devel/nodejs-polars/polars/datatype/types/Bool.mts | /home/bren/devel/nodejs-polars/polars/datatype/types/nodejs-polars/datatype
file:///home/bren/devel/nodejs-polars/polars/index.mts | none | /home/bren/devel/nodejs-polars/polars/index.mts
nodejs-polars/datatype | file:///home/bren/devel/nodejs-polars/polars/index.mts | /home/bren/devel/nodejs-polars/polars/nodejs-polars/datatype
./PLRDataType.mjs | file:///home/bren/devel/nodejs-polars/polars/datatype/index.mts | /home/bren/devel/nodejs-polars/polars/datatype/PLRDataType.mjs
nodejs-polars/datatype/types | file:///home/bren/devel/nodejs-polars/polars/datatype/PLRDataType.mts | /home/bren/devel/nodejs-polars/polars/datatype/nodejs-polars/datatype/types
./Bool.mjs | file:///home/bren/devel/nodejs-polars/polars/datatype/types/index.mts | /home/bren/devel/nodejs-polars/polars/datatype/types/Bool.mjs
nodejs-polars/datatype | file:///home/bren/devel/nodejs-polars/polars/datatype/types/Bool.mts | /home/bren/devel/nodejs-polars/polars/datatype/types/nodejs-polars/datatype
file:///home/bren/devel/nodejs-polars/polars/index.mts | none | /home/bren/devel/nodejs-polars/polars/index.mts
file:///home/bren/devel/nodejs-polars/polars/index.mts | none | /home/bren/devel/nodejs-polars/polars/index.mts
nodejs-polars/datatype | file:///home/bren/devel/nodejs-polars/polars/index.mts | /home/bren/devel/nodejs-polars/polars/nodejs-polars/datatype
./PLRDataType.mjs | file:///home/bren/devel/nodejs-polars/polars/datatype/index.mts | /home/bren/devel/nodejs-polars/polars/datatype/PLRDataType.mjs
nodejs-polars/datatype/types | file:///home/bren/devel/nodejs-polars/polars/datatype/PLRDataType.mts | /home/bren/devel/nodejs-polars/polars/datatype/nodejs-polars/datatype/types
./Bool.mjs | file:///home/bren/devel/nodejs-polars/polars/datatype/types/index.mts | /home/bren/devel/nodejs-polars/polars/datatype/types/Bool.mjs
file:///home/bren/devel/nodejs-polars/polars/index.mts | none | /home/bren/devel/nodejs-polars/polars/index.mts
nodejs-polars/datatype | file:///home/bren/devel/nodejs-polars/polars/index.mts | /home/bren/devel/nodejs-polars/polars/nodejs-polars/datatype
./PLRDataType.mjs | file:///home/bren/devel/nodejs-polars/polars/datatype/index.mts | /home/bren/devel/nodejs-polars/polars/datatype/PLRDataType.mjs
nodejs-polars/datatype/types | file:///home/bren/devel/nodejs-polars/polars/datatype/PLRDataType.mts | /home/bren/devel/nodejs-polars/polars/datatype/nodejs-polars/datatype/types
./Bool.mjs | file:///home/bren/devel/nodejs-polars/polars/datatype/types/index.mts | /home/bren/devel/nodejs-polars/polars/datatype/types/Bool.mjs
file:///home/bren/devel/nodejs-polars/polars/datatype/index.mts | none | /home/bren/devel/nodejs-polars/polars/datatype/index.mts
./PLRDataType.mjs | file:///home/bren/devel/nodejs-polars/polars/datatype/index.mts | /home/bren/devel/nodejs-polars/polars/datatype/PLRDataType.mjs
nodejs-polars/datatype/types | file:///home/bren/devel/nodejs-polars/polars/datatype/PLRDataType.mts | /home/bren/devel/nodejs-polars/polars/datatype/nodejs-polars/datatype/types
./Bool.mjs | file:///home/bren/devel/nodejs-polars/polars/datatype/types/index.mts | /home/bren/devel/nodejs-polars/polars/datatype/types/Bool.mjs
file:///home/bren/devel/nodejs-polars/polars/index.mts | none | /home/bren/devel/nodejs-polars/polars/index.mts
nodejs-polars/datatype | file:///home/bren/devel/nodejs-polars/polars/index.mts | /home/bren/devel/nodejs-polars/polars/nodejs-polars/datatype
./PLRDataType.mjs | file:///home/bren/devel/nodejs-polars/polars/datatype/index.mts | /home/bren/devel/nodejs-polars/polars/datatype/PLRDataType.mjs
nodejs-polars/datatype/types | file:///home/bren/devel/nodejs-polars/polars/datatype/PLRDataType.mts | /home/bren/devel/nodejs-polars/polars/datatype/nodejs-polars/datatype/types
./Bool.mjs | file:///home/bren/devel/nodejs-polars/polars/datatype/types/index.mts | /home/bren/devel/nodejs-polars/polars/datatype/types/Bool.mjs
nodejs-polars/datatype | file:///home/bren/devel/nodejs-polars/polars/datatype/types/Bool.mts | /home/bren/devel/nodejs-polars/polars/datatype/types/nodejs-polars/datatype
file:///home/bren/devel/nodejs-polars/polars/datatype/index.mts | none | /home/bren/devel/nodejs-polars/polars/datatype/index.mts
./PLRDataType.mjs | file:///home/bren/devel/nodejs-polars/polars/datatype/index.mts | /home/bren/devel/nodejs-polars/polars/datatype/PLRDataType.mjs
nodejs-polars/datatype/types | file:///home/bren/devel/nodejs-polars/polars/datatype/PLRDataType.mts | /home/bren/devel/nodejs-polars/polars/datatype/nodejs-polars/datatype/types
./Bool.mjs | file:///home/bren/devel/nodejs-polars/polars/datatype/types/index.mts | /home/bren/devel/nodejs-polars/polars/datatype/types/Bool.mjs
nodejs-polars/datatype | file:///home/bren/devel/nodejs-polars/polars/datatype/types/Bool.mts | /home/bren/devel/nodejs-polars/polars/datatype/types/nodejs-polars/datatype
./PLRDataType.mjs | file:///home/bren/devel/nodejs-polars/polars/datatype/index.mts | /home/bren/devel/nodejs-polars/polars/datatype/PLRDataType.mjs
file:///home/bren/devel/nodejs-polars/polars/index.mts | none | /home/bren/devel/nodejs-polars/polars/index.mts
file:///home/bren/devel/nodejs-polars/polars/index.mts | none | /home/bren/devel/nodejs-polars/polars/index.mts
nodejs-polars/datatype | file:///home/bren/devel/nodejs-polars/polars/index.mts | /home/bren/devel/nodejs-polars/polars/nodejs-polars/datatype
./PLRDataType.mjs | file:///home/bren/devel/nodejs-polars/polars/datatype/index.mts | /home/bren/devel/nodejs-polars/polars/datatype/PLRDataType.mjs
nodejs-polars/datatype/types | file:///home/bren/devel/nodejs-polars/polars/datatype/PLRDataType.mts | /home/bren/devel/nodejs-polars/polars/datatype/nodejs-polars/datatype/types
./Bool.mjs | file:///home/bren/devel/nodejs-polars/polars/datatype/types/index.mts | /home/bren/devel/nodejs-polars/polars/datatype/types/Bool.mjs
file:///home/bren/devel/nodejs-polars/polars/datatype/index.mts | none | /home/bren/devel/nodejs-polars/polars/datatype/index.mts
./PLRDataType.mjs | file:///home/bren/devel/nodejs-polars/polars/datatype/index.mts | /home/bren/devel/nodejs-polars/polars/datatype/PLRDataType.mjs
nodejs-polars/datatype/types | file:///home/bren/devel/nodejs-polars/polars/datatype/PLRDataType.mts | /home/bren/devel/nodejs-polars/polars/datatype/nodejs-polars/datatype/types
./Bool.mjs | file:///home/bren/devel/nodejs-polars/polars/datatype/types/index.mts | /home/bren/devel/nodejs-polars/polars/datatype/types/Bool.mjs
file:///home/bren/devel/nodejs-polars/polars/datatype/types/index.mts | none | /home/bren/devel/nodejs-polars/polars/datatype/types/index.mts
./Bool.mjs | file:///home/bren/devel/nodejs-polars/polars/datatype/types/index.mts | /home/bren/devel/nodejs-polars/polars/datatype/types/Bool.mjs
file:///home/bren/devel/nodejs-polars/polars/datatype/types/Bool.mts | none | /home/bren/devel/nodejs-polars/polars/datatype/types/Bool.mts
file:///home/bren/devel/nodejs-polars/polars/datatype/PLRDataType.mts | none | /home/bren/devel/nodejs-polars/polars/datatype/PLRDataType.mts
nodejs-polars/datatype/types | file:///home/bren/devel/nodejs-polars/polars/datatype/PLRDataType.mts | /home/bren/devel/nodejs-polars/polars/datatype/nodejs-polars/datatype/types
./Bool.mjs | file:///home/bren/devel/nodejs-polars/polars/datatype/types/index.mts | /home/bren/devel/nodejs-polars/polars/datatype/types/Bool.mjs
file:///home/bren/devel/nodejs-polars/polars/index.mts | none | /home/bren/devel/nodejs-polars/polars/index.mts
nodejs-polars/datatype | file:///home/bren/devel/nodejs-polars/polars/index.mts | /home/bren/devel/nodejs-polars/polars/nodejs-polars/datatype
./PLRDataType.mjs | file:///home/bren/devel/nodejs-polars/polars/datatype/index.mts | /home/bren/devel/nodejs-polars/polars/datatype/PLRDataType.mjs
nodejs-polars/datatype/types | file:///home/bren/devel/nodejs-polars/polars/datatype/PLRDataType.mts | /home/bren/devel/nodejs-polars/polars/datatype/nodejs-polars/datatype/types
./Bool.mjs | file:///home/bren/devel/nodejs-polars/polars/datatype/types/index.mts | /home/bren/devel/nodejs-polars/polars/datatype/types/Bool.mjs
file:///home/bren/devel/nodejs-polars/polars/datatype/index.mts | none | /home/bren/devel/nodejs-polars/polars/datatype/index.mts
./PLRDataType.mjs | file:///home/bren/devel/nodejs-polars/polars/datatype/index.mts | /home/bren/devel/nodejs-polars/polars/datatype/PLRDataType.mjs
nodejs-polars/datatype/types | file:///home/bren/devel/nodejs-polars/polars/datatype/PLRDataType.mts | /home/bren/devel/nodejs-polars/polars/datatype/nodejs-polars/datatype/types
./Bool.mjs | file:///home/bren/devel/nodejs-polars/polars/datatype/types/index.mts | /home/bren/devel/nodejs-polars/polars/datatype/types/Bool.mjs
file:///home/bren/devel/nodejs-polars/polars/datatype/types/index.mts | none | /home/bren/devel/nodejs-polars/polars/datatype/types/index.mts
./Bool.mjs | file:///home/bren/devel/nodejs-polars/polars/datatype/types/index.mts | /home/bren/devel/nodejs-polars/polars/datatype/types/Bool.mjs
file:///home/bren/devel/nodejs-polars/polars/datatype/types/Bool.mts | none | /home/bren/devel/nodejs-polars/polars/datatype/types/Bool.mts
file:///home/bren/devel/nodejs-polars/polars/datatype/PLRDataType.mts | none | /home/bren/devel/nodejs-polars/polars/datatype/PLRDataType.mts
nodejs-polars/datatype/types | file:///home/bren/devel/nodejs-polars/polars/datatype/PLRDataType.mts | /home/bren/devel/nodejs-polars/polars/datatype/nodejs-polars/datatype/types
./Bool.mjs | file:///home/bren/devel/nodejs-polars/polars/datatype/types/index.mts | /home/bren/devel/nodejs-polars/polars/datatype/types/Bool.mjs